file /media/sanjay/Data/Applications/fx-9750GII_tools_distro/xfer9860-0.2.2/src/SConstruct,line 120:
	Configure(confdir = .sconf_temp)
scons: Configure: Checking for C library usb-1.0... 
scons: Configure: ".sconf_temp/conftest_0.c" is up to date.
scons: Configure: The original builder output was:
  |.sconf_temp/conftest_0.c <-
  |  |
  |  |
  |  |#include "libusb-1.0/libusb.h"
  |  |
  |  |int
  |  |main() {
  |  |  
  |  |return 0;
  |  |}
  |  |
  |
scons: Configure: ".sconf_temp/conftest_0.o" is up to date.
scons: Configure: The original builder output was:
  |gcc -o .sconf_temp/conftest_0.o -c -O2 -pipe -fomit-frame-pointer -Wall -pedantic .sconf_temp/conftest_0.c
  |
scons: Configure: ".sconf_temp/conftest_0" is up to date.
scons: Configure: The original builder output was:
  |gcc -o .sconf_temp/conftest_0 .sconf_temp/conftest_0.o -lusb-1.0
  |
scons: Configure: (cached) yes

scons: Configure: Checking for C header file unistd.h... 
scons: Configure: ".sconf_temp/conftest_1.c" is up to date.
scons: Configure: The original builder output was:
  |.sconf_temp/conftest_1.c <-
  |  |
  |  |#include "unistd.h"
  |  |
  |  |
  |
scons: Configure: ".sconf_temp/conftest_1.o" is up to date.
scons: Configure: The original builder output was:
  |gcc -o .sconf_temp/conftest_1.o -c -O2 -pipe -fomit-frame-pointer -Wall -pedantic .sconf_temp/conftest_1.c
  |
scons: Configure: (cached) yes

scons: Configure: Checking for C header file stdio.h... 
scons: Configure: ".sconf_temp/conftest_2.c" is up to date.
scons: Configure: The original builder output was:
  |.sconf_temp/conftest_2.c <-
  |  |
  |  |#include "stdio.h"
  |  |
  |  |
  |
scons: Configure: ".sconf_temp/conftest_2.o" is up to date.
scons: Configure: The original builder output was:
  |gcc -o .sconf_temp/conftest_2.o -c -O2 -pipe -fomit-frame-pointer -Wall -pedantic .sconf_temp/conftest_2.c
  |
scons: Configure: (cached) yes

scons: Configure: Checking for C header file string.h... 
scons: Configure: ".sconf_temp/conftest_3.c" is up to date.
scons: Configure: The original builder output was:
  |.sconf_temp/conftest_3.c <-
  |  |
  |  |#include "string.h"
  |  |
  |  |
  |
scons: Configure: ".sconf_temp/conftest_3.o" is up to date.
scons: Configure: The original builder output was:
  |gcc -o .sconf_temp/conftest_3.o -c -O2 -pipe -fomit-frame-pointer -Wall -pedantic .sconf_temp/conftest_3.c
  |
scons: Configure: (cached) yes

scons: Configure: Checking for C header file stdlib.h... 
scons: Configure: ".sconf_temp/conftest_4.c" is up to date.
scons: Configure: The original builder output was:
  |.sconf_temp/conftest_4.c <-
  |  |
  |  |#include "stdlib.h"
  |  |
  |  |
  |
scons: Configure: ".sconf_temp/conftest_4.o" is up to date.
scons: Configure: The original builder output was:
  |gcc -o .sconf_temp/conftest_4.o -c -O2 -pipe -fomit-frame-pointer -Wall -pedantic .sconf_temp/conftest_4.c
  |
scons: Configure: (cached) yes

scons: Configure: Checking for C header file sys/types.h... 
scons: Configure: ".sconf_temp/conftest_5.c" is up to date.
scons: Configure: The original builder output was:
  |.sconf_temp/conftest_5.c <-
  |  |
  |  |#include "sys/types.h"
  |  |
  |  |
  |
scons: Configure: ".sconf_temp/conftest_5.o" is up to date.
scons: Configure: The original builder output was:
  |gcc -o .sconf_temp/conftest_5.o -c -O2 -pipe -fomit-frame-pointer -Wall -pedantic .sconf_temp/conftest_5.c
  |
scons: Configure: (cached) yes

scons: Configure: Checking for C header file sys/stat.h... 
scons: Configure: ".sconf_temp/conftest_6.c" is up to date.
scons: Configure: The original builder output was:
  |.sconf_temp/conftest_6.c <-
  |  |
  |  |#include "sys/stat.h"
  |  |
  |  |
  |
scons: Configure: ".sconf_temp/conftest_6.o" is up to date.
scons: Configure: The original builder output was:
  |gcc -o .sconf_temp/conftest_6.o -c -O2 -pipe -fomit-frame-pointer -Wall -pedantic .sconf_temp/conftest_6.c
  |
scons: Configure: (cached) yes

scons: Configure: Checking for C header file math.h... 
scons: Configure: ".sconf_temp/conftest_7.c" is up to date.
scons: Configure: The original builder output was:
  |.sconf_temp/conftest_7.c <-
  |  |
  |  |#include "math.h"
  |  |
  |  |
  |
scons: Configure: ".sconf_temp/conftest_7.o" is up to date.
scons: Configure: The original builder output was:
  |gcc -o .sconf_temp/conftest_7.o -c -O2 -pipe -fomit-frame-pointer -Wall -pedantic .sconf_temp/conftest_7.c
  |
scons: Configure: (cached) yes


