file /media/sanjay/Data/Applications/fx-9750GII_tools_distro/xfer9860-0.2.2/src/SConstruct,line 120:
	Configure(confdir = .sconf_temp)
scons: Configure: Checking for C library usb-1.0... 
.sconf_temp/conftest_0.c <-
  |
  |
  |#include "libusb-1.0/libusb.h"
  |
  |int
  |main() {
  |  
  |return 0;
  |}
  |
gcc -o .sconf_temp/conftest_0.o -c -O2 -pipe -fomit-frame-pointer -Wall -pedantic .sconf_temp/conftest_0.c
gcc -o .sconf_temp/conftest_0 .sconf_temp/conftest_0.o -lusb-1.0
scons: Configure: yes

scons: Configure: Checking for C header file unistd.h... 
.sconf_temp/conftest_1.c <-
  |
  |#include "unistd.h"
  |
  |
gcc -o .sconf_temp/conftest_1.o -c -O2 -pipe -fomit-frame-pointer -Wall -pedantic .sconf_temp/conftest_1.c
scons: Configure: yes

scons: Configure: Checking for C header file stdio.h... 
.sconf_temp/conftest_2.c <-
  |
  |#include "stdio.h"
  |
  |
gcc -o .sconf_temp/conftest_2.o -c -O2 -pipe -fomit-frame-pointer -Wall -pedantic .sconf_temp/conftest_2.c
scons: Configure: yes

scons: Configure: Checking for C header file string.h... 
.sconf_temp/conftest_3.c <-
  |
  |#include "string.h"
  |
  |
gcc -o .sconf_temp/conftest_3.o -c -O2 -pipe -fomit-frame-pointer -Wall -pedantic .sconf_temp/conftest_3.c
scons: Configure: yes

scons: Configure: Checking for C header file stdlib.h... 
.sconf_temp/conftest_4.c <-
  |
  |#include "stdlib.h"
  |
  |
gcc -o .sconf_temp/conftest_4.o -c -O2 -pipe -fomit-frame-pointer -Wall -pedantic .sconf_temp/conftest_4.c
scons: Configure: yes

scons: Configure: Checking for C header file sys/types.h... 
.sconf_temp/conftest_5.c <-
  |
  |#include "sys/types.h"
  |
  |
gcc -o .sconf_temp/conftest_5.o -c -O2 -pipe -fomit-frame-pointer -Wall -pedantic .sconf_temp/conftest_5.c
scons: Configure: yes

scons: Configure: Checking for C header file sys/stat.h... 
.sconf_temp/conftest_6.c <-
  |
  |#include "sys/stat.h"
  |
  |
gcc -o .sconf_temp/conftest_6.o -c -O2 -pipe -fomit-frame-pointer -Wall -pedantic .sconf_temp/conftest_6.c
scons: Configure: yes

scons: Configure: Checking for C header file math.h... 
.sconf_temp/conftest_7.c <-
  |
  |#include "math.h"
  |
  |
gcc -o .sconf_temp/conftest_7.o -c -O2 -pipe -fomit-frame-pointer -Wall -pedantic .sconf_temp/conftest_7.c
scons: Configure: yes


